<?xml version="1.0" encoding="UTF-8"?>
<!-- Generated by org.testng.reporters.JUnitReportReporter -->
<testsuite hostname="DESKTOP-PQ99KIN" failures="0" tests="2" name="project.tests.Test1" time="1.406" errors="0" timestamp="22 Jul 2022 10:22:29 GMT" skipped="0">
  <testcase classname="project.tests.Test1" name="VerifyForgotPasswordLink" time="0.193"/>
  <testcase classname="project.tests.Test1" name="Login" time="1.213"/>
</testsuite> <!-- project.tests.Test1 -->
