<?xml version="1.0" encoding="UTF-8"?>
<!-- Generated by org.testng.reporters.JUnitReportReporter -->
<testsuite hostname="DESKTOP-PQ99KIN" failures="0" tests="1" name="project.tests.AccountsPage" time="3.882" errors="0" timestamp="22 Jul 2022 10:22:29 GMT" skipped="0">
  <testcase classname="project.tests.AccountsPage" name="VerifyMyAccModule" time="3.882"/>
</testsuite> <!-- project.tests.AccountsPage -->
