<?xml version="1.0" encoding="UTF-8"?>
<!-- Generated by org.testng.reporters.JUnitReportReporter -->
<testsuite hostname="DESKTOP-PQ99KIN" failures="0" tests="2" name="project.tests.Test1" time="2.812" errors="0" timestamp="22 Jul 2022 04:04:47 GMT" skipped="0">
  <testcase classname="project.tests.Test1" name="VerifyForgotPasswordLink" time="0.290"/>
  <testcase classname="project.tests.Test1" name="Login" time="2.522"/>
</testsuite> <!-- project.tests.Test1 -->
